июн. 05, 2023 8:40:06 PM Classes.Log logInfo
INFO: Boris клиент пришел в магазин 
июн. 05, 2023 8:40:06 PM Classes.Log logInfo
INFO: Boris клиент добавлен в очередь 
июн. 05, 2023 8:40:06 PM Classes.Log logInfo
INFO: Boris клиент добавлен в очередь 
июн. 05, 2023 8:40:06 PM Classes.Log logInfo
INFO: Dasha клиент пришел в магазин 
июн. 05, 2023 8:40:06 PM Classes.Log logInfo
INFO: Dasha клиент пришел в магазин 
июн. 05, 2023 8:40:06 PM Classes.Log logInfo
INFO: Dasha клиент пришел в магазин 
июн. 05, 2023 8:40:06 PM Classes.Log logInfo
INFO: Dasha клиент добавлен в очередь 
июн. 05, 2023 8:40:06 PM Classes.Log logInfo
INFO: Dasha клиент добавлен в очередь 
июн. 05, 2023 8:40:06 PM Classes.Log logInfo
INFO: Dasha клиент добавлен в очередь 
июн. 05, 2023 8:40:06 PM Classes.Log logInfo
INFO: Dasha клиент добавлен в очередь 
июн. 05, 2023 8:40:06 PM Classes.Log logInfo
INFO: Audit клиент пришел в магазин 
июн. 05, 2023 8:40:06 PM Classes.Log logInfo
INFO: Audit клиент пришел в магазин 
июн. 05, 2023 8:40:06 PM Classes.Log logInfo
INFO: Audit клиент пришел в магазин 
июн. 05, 2023 8:40:06 PM Classes.Log logInfo
INFO: Audit клиент пришел в магазин 
июн. 05, 2023 8:40:06 PM Classes.Log logInfo
INFO: Audit клиент пришел в магазин 
июн. 05, 2023 8:40:06 PM Classes.Log logInfo
INFO: Audit клиент добавлен в очередь 
июн. 05, 2023 8:40:06 PM Classes.Log logInfo
INFO: Audit клиент добавлен в очередь 
июн. 05, 2023 8:40:06 PM Classes.Log logInfo
INFO: Audit клиент добавлен в очередь 
июн. 05, 2023 8:40:06 PM Classes.Log logInfo
INFO: Audit клиент добавлен в очередь 
июн. 05, 2023 8:40:06 PM Classes.Log logInfo
INFO: Audit клиент добавлен в очередь 
июн. 05, 2023 8:40:06 PM Classes.Log logInfo
INFO: Audit клиент добавлен в очередь 
июн. 05, 2023 8:40:06 PM Classes.Log logInfo
INFO: Petr клиент пришел в магазин 
июн. 05, 2023 8:40:06 PM Classes.Log logInfo
INFO: Petr клиент пришел в магазин 
июн. 05, 2023 8:40:06 PM Classes.Log logInfo
INFO: Petr клиент пришел в магазин 
июн. 05, 2023 8:40:06 PM Classes.Log logInfo
INFO: Petr клиент пришел в магазин 
июн. 05, 2023 8:40:06 PM Classes.Log logInfo
INFO: Petr клиент пришел в магазин 
июн. 05, 2023 8:40:06 PM Classes.Log logInfo
INFO: Petr клиент пришел в магазин 
июн. 05, 2023 8:40:06 PM Classes.Log logInfo
INFO: Petr клиент пришел в магазин 
июн. 05, 2023 8:40:06 PM Classes.Log logInfo
INFO: Petr клиент добавлен в очередь 
июн. 05, 2023 8:40:06 PM Classes.Log logInfo
INFO: Petr клиент добавлен в очередь 
июн. 05, 2023 8:40:06 PM Classes.Log logInfo
INFO: Petr клиент добавлен в очередь 
июн. 05, 2023 8:40:06 PM Classes.Log logInfo
INFO: Petr клиент добавлен в очередь 
июн. 05, 2023 8:40:06 PM Classes.Log logInfo
INFO: Petr клиент добавлен в очередь 
июн. 05, 2023 8:40:06 PM Classes.Log logInfo
INFO: Petr клиент добавлен в очередь 
июн. 05, 2023 8:40:06 PM Classes.Log logInfo
INFO: Petr клиент добавлен в очередь 
июн. 05, 2023 8:40:06 PM Classes.Log logInfo
INFO: Petr клиент добавлен в очередь 
июн. 05, 2023 8:40:06 PM Classes.Log logInfo
INFO: Alex клиент пришел в магазин 
июн. 05, 2023 8:40:06 PM Classes.Log logInfo
INFO: Alex клиент пришел в магазин 
июн. 05, 2023 8:40:06 PM Classes.Log logInfo
INFO: Alex клиент пришел в магазин 
июн. 05, 2023 8:40:06 PM Classes.Log logInfo
INFO: Alex клиент пришел в магазин 
июн. 05, 2023 8:40:06 PM Classes.Log logInfo
INFO: Alex клиент пришел в магазин 
июн. 05, 2023 8:40:06 PM Classes.Log logInfo
INFO: Alex клиент пришел в магазин 
июн. 05, 2023 8:40:06 PM Classes.Log logInfo
INFO: Alex клиент пришел в магазин 
июн. 05, 2023 8:40:06 PM Classes.Log logInfo
INFO: Alex клиент пришел в магазин 
июн. 05, 2023 8:40:06 PM Classes.Log logInfo
INFO: Alex клиент пришел в магазин 
июн. 05, 2023 8:40:06 PM Classes.Log logInfo
INFO: Alex клиент добавлен в очередь 
июн. 05, 2023 8:40:06 PM Classes.Log logInfo
INFO: Alex клиент добавлен в очередь 
июн. 05, 2023 8:40:06 PM Classes.Log logInfo
INFO: Alex клиент добавлен в очередь 
июн. 05, 2023 8:40:06 PM Classes.Log logInfo
INFO: Alex клиент добавлен в очередь 
июн. 05, 2023 8:40:06 PM Classes.Log logInfo
INFO: Alex клиент добавлен в очередь 
июн. 05, 2023 8:40:06 PM Classes.Log logInfo
INFO: Alex клиент добавлен в очередь 
июн. 05, 2023 8:40:06 PM Classes.Log logInfo
INFO: Alex клиент добавлен в очередь 
июн. 05, 2023 8:40:06 PM Classes.Log logInfo
INFO: Alex клиент добавлен в очередь 
июн. 05, 2023 8:40:06 PM Classes.Log logInfo
INFO: Alex клиент добавлен в очередь 
июн. 05, 2023 8:40:06 PM Classes.Log logInfo
INFO: Alex клиент добавлен в очередь 
июн. 05, 2023 8:40:06 PM Classes.Log logInfo
INFO: Andy клиент пришел в магазин 
июн. 05, 2023 8:40:06 PM Classes.Log logInfo
INFO: Andy клиент пришел в магазин 
июн. 05, 2023 8:40:06 PM Classes.Log logInfo
INFO: Andy клиент пришел в магазин 
июн. 05, 2023 8:40:06 PM Classes.Log logInfo
INFO: Andy клиент пришел в магазин 
июн. 05, 2023 8:40:06 PM Classes.Log logInfo
INFO: Andy клиент пришел в магазин 
июн. 05, 2023 8:40:06 PM Classes.Log logInfo
INFO: Andy клиент пришел в магазин 
июн. 05, 2023 8:40:06 PM Classes.Log logInfo
INFO: Andy клиент пришел в магазин 
июн. 05, 2023 8:40:06 PM Classes.Log logInfo
INFO: Andy клиент пришел в магазин 
июн. 05, 2023 8:40:06 PM Classes.Log logInfo
INFO: Andy клиент пришел в магазин 
июн. 05, 2023 8:40:06 PM Classes.Log logInfo
INFO: Andy клиент пришел в магазин 
июн. 05, 2023 8:40:06 PM Classes.Log logInfo
INFO: Andy клиент пришел в магазин 
июн. 05, 2023 8:40:06 PM Classes.Log logInfo
INFO: Andy клиент добавлен в очередь 
июн. 05, 2023 8:40:06 PM Classes.Log logInfo
INFO: Andy клиент добавлен в очередь 
июн. 05, 2023 8:40:06 PM Classes.Log logInfo
INFO: Andy клиент добавлен в очередь 
июн. 05, 2023 8:40:06 PM Classes.Log logInfo
INFO: Andy клиент добавлен в очередь 
июн. 05, 2023 8:40:06 PM Classes.Log logInfo
INFO: Andy клиент добавлен в очередь 
июн. 05, 2023 8:40:06 PM Classes.Log logInfo
INFO: Andy клиент добавлен в очередь 
июн. 05, 2023 8:40:06 PM Classes.Log logInfo
INFO: Andy клиент добавлен в очередь 
июн. 05, 2023 8:40:06 PM Classes.Log logInfo
INFO: Andy клиент добавлен в очередь 
июн. 05, 2023 8:40:06 PM Classes.Log logInfo
INFO: Andy клиент добавлен в очередь 
июн. 05, 2023 8:40:06 PM Classes.Log logInfo
INFO: Andy клиент добавлен в очередь 
июн. 05, 2023 8:40:06 PM Classes.Log logInfo
INFO: Andy клиент добавлен в очередь 
июн. 05, 2023 8:40:06 PM Classes.Log logInfo
INFO: Andy клиент добавлен в очередь 
июн. 05, 2023 8:40:06 PM Classes.Log logInfo
INFO: Petr takes part in promotion
июн. 05, 2023 8:40:06 PM Classes.Log logInfo
INFO: Petr takes part in promotion
июн. 05, 2023 8:40:06 PM Classes.Log logInfo
INFO: Petr takes part in promotion
июн. 05, 2023 8:40:06 PM Classes.Log logInfo
INFO: Petr takes part in promotion
июн. 05, 2023 8:40:06 PM Classes.Log logInfo
INFO: Petr takes part in promotion
июн. 05, 2023 8:40:06 PM Classes.Log logInfo
INFO: Petr takes part in promotion
июн. 05, 2023 8:40:06 PM Classes.Log logInfo
INFO: Petr takes part in promotion
июн. 05, 2023 8:40:06 PM Classes.Log logInfo
INFO: Petr takes part in promotion
июн. 05, 2023 8:40:06 PM Classes.Log logInfo
INFO: Petr takes part in promotion
июн. 05, 2023 8:40:06 PM Classes.Log logInfo
INFO: Petr takes part in promotion
июн. 05, 2023 8:40:06 PM Classes.Log logInfo
INFO: Petr takes part in promotion
июн. 05, 2023 8:40:06 PM Classes.Log logInfo
INFO: Petr takes part in promotion
июн. 05, 2023 8:40:06 PM Classes.Log logInfo
INFO: Petr takes part in promotion
июн. 05, 2023 8:40:06 PM Classes.Log logInfo
INFO: Alex takes part in promotion
июн. 05, 2023 8:40:06 PM Classes.Log logInfo
INFO: Alex takes part in promotion
июн. 05, 2023 8:40:06 PM Classes.Log logInfo
INFO: Alex takes part in promotion
июн. 05, 2023 8:40:06 PM Classes.Log logInfo
INFO: Alex takes part in promotion
июн. 05, 2023 8:40:06 PM Classes.Log logInfo
INFO: Alex takes part in promotion
июн. 05, 2023 8:40:06 PM Classes.Log logInfo
INFO: Alex takes part in promotion
июн. 05, 2023 8:40:06 PM Classes.Log logInfo
INFO: Alex takes part in promotion
июн. 05, 2023 8:40:06 PM Classes.Log logInfo
INFO: Alex takes part in promotion
июн. 05, 2023 8:40:06 PM Classes.Log logInfo
INFO: Alex takes part in promotion
июн. 05, 2023 8:40:06 PM Classes.Log logInfo
INFO: Alex takes part in promotion
июн. 05, 2023 8:40:06 PM Classes.Log logInfo
INFO: Alex takes part in promotion
июн. 05, 2023 8:40:06 PM Classes.Log logInfo
INFO: Alex takes part in promotion
июн. 05, 2023 8:40:06 PM Classes.Log logInfo
INFO: Alex takes part in promotion
июн. 05, 2023 8:40:06 PM Classes.Log logInfo
INFO: Alex takes part in promotion
июн. 05, 2023 8:40:06 PM Classes.Log logInfo
INFO: Andy takes part in promotion
июн. 05, 2023 8:40:06 PM Classes.Log logInfo
INFO: Andy takes part in promotion
июн. 05, 2023 8:40:06 PM Classes.Log logInfo
INFO: Andy takes part in promotion
июн. 05, 2023 8:40:06 PM Classes.Log logInfo
INFO: Andy takes part in promotion
июн. 05, 2023 8:40:06 PM Classes.Log logInfo
INFO: Andy takes part in promotion
июн. 05, 2023 8:40:06 PM Classes.Log logInfo
INFO: Andy takes part in promotion
июн. 05, 2023 8:40:06 PM Classes.Log logInfo
INFO: Andy takes part in promotion
июн. 05, 2023 8:40:06 PM Classes.Log logInfo
INFO: Andy takes part in promotion
июн. 05, 2023 8:40:06 PM Classes.Log logInfo
INFO: Andy takes part in promotion
июн. 05, 2023 8:40:06 PM Classes.Log logInfo
INFO: Andy takes part in promotion
июн. 05, 2023 8:40:06 PM Classes.Log logInfo
INFO: Andy takes part in promotion
июн. 05, 2023 8:40:06 PM Classes.Log logInfo
INFO: Andy takes part in promotion
июн. 05, 2023 8:40:06 PM Classes.Log logInfo
INFO: Andy takes part in promotion
июн. 05, 2023 8:40:06 PM Classes.Log logInfo
INFO: Andy takes part in promotion
июн. 05, 2023 8:40:06 PM Classes.Log logInfo
INFO: Andy takes part in promotion
июн. 05, 2023 8:40:06 PM Classes.Log logInfo
INFO: Boris клиент сделал заказ 
июн. 05, 2023 8:40:06 PM Classes.Log logInfo
INFO: Boris клиент сделал заказ 
июн. 05, 2023 8:40:06 PM Classes.Log logInfo
INFO: Boris клиент сделал заказ 
июн. 05, 2023 8:40:06 PM Classes.Log logInfo
INFO: Boris клиент сделал заказ 
июн. 05, 2023 8:40:06 PM Classes.Log logInfo
INFO: Boris клиент сделал заказ 
июн. 05, 2023 8:40:06 PM Classes.Log logInfo
INFO: Boris клиент сделал заказ 
июн. 05, 2023 8:40:06 PM Classes.Log logInfo
INFO: Boris клиент сделал заказ 
июн. 05, 2023 8:40:06 PM Classes.Log logInfo
INFO: Boris клиент сделал заказ 
июн. 05, 2023 8:40:06 PM Classes.Log logInfo
INFO: Boris клиент сделал заказ 
июн. 05, 2023 8:40:06 PM Classes.Log logInfo
INFO: Boris клиент сделал заказ 
июн. 05, 2023 8:40:06 PM Classes.Log logInfo
INFO: Boris клиент сделал заказ 
июн. 05, 2023 8:40:06 PM Classes.Log logInfo
INFO: Boris клиент сделал заказ 
июн. 05, 2023 8:40:06 PM Classes.Log logInfo
INFO: Boris клиент сделал заказ 
июн. 05, 2023 8:40:06 PM Classes.Log logInfo
INFO: Boris клиент сделал заказ 
июн. 05, 2023 8:40:06 PM Classes.Log logInfo
INFO: Boris клиент сделал заказ 
июн. 05, 2023 8:40:06 PM Classes.Log logInfo
INFO: Boris клиент сделал заказ 
июн. 05, 2023 8:40:06 PM Classes.Log logInfo
INFO: Dasha клиент сделал заказ 
июн. 05, 2023 8:40:06 PM Classes.Log logInfo
INFO: Dasha клиент сделал заказ 
июн. 05, 2023 8:40:06 PM Classes.Log logInfo
INFO: Dasha клиент сделал заказ 
июн. 05, 2023 8:40:06 PM Classes.Log logInfo
INFO: Dasha клиент сделал заказ 
июн. 05, 2023 8:40:06 PM Classes.Log logInfo
INFO: Dasha клиент сделал заказ 
июн. 05, 2023 8:40:06 PM Classes.Log logInfo
INFO: Dasha клиент сделал заказ 
июн. 05, 2023 8:40:06 PM Classes.Log logInfo
INFO: Dasha клиент сделал заказ 
июн. 05, 2023 8:40:06 PM Classes.Log logInfo
INFO: Dasha клиент сделал заказ 
июн. 05, 2023 8:40:06 PM Classes.Log logInfo
INFO: Dasha клиент сделал заказ 
июн. 05, 2023 8:40:06 PM Classes.Log logInfo
INFO: Dasha клиент сделал заказ 
июн. 05, 2023 8:40:06 PM Classes.Log logInfo
INFO: Dasha клиент сделал заказ 
июн. 05, 2023 8:40:06 PM Classes.Log logInfo
INFO: Dasha клиент сделал заказ 
июн. 05, 2023 8:40:06 PM Classes.Log logInfo
INFO: Dasha клиент сделал заказ 
июн. 05, 2023 8:40:06 PM Classes.Log logInfo
INFO: Dasha клиент сделал заказ 
июн. 05, 2023 8:40:06 PM Classes.Log logInfo
INFO: Dasha клиент сделал заказ 
июн. 05, 2023 8:40:06 PM Classes.Log logInfo
INFO: Dasha клиент сделал заказ 
июн. 05, 2023 8:40:06 PM Classes.Log logInfo
INFO: Dasha клиент сделал заказ 
июн. 05, 2023 8:40:06 PM Classes.Log logInfo
INFO: Audit клиент сделал заказ 
июн. 05, 2023 8:40:06 PM Classes.Log logInfo
INFO: Audit клиент сделал заказ 
июн. 05, 2023 8:40:06 PM Classes.Log logInfo
INFO: Audit клиент сделал заказ 
июн. 05, 2023 8:40:06 PM Classes.Log logInfo
INFO: Audit клиент сделал заказ 
июн. 05, 2023 8:40:06 PM Classes.Log logInfo
INFO: Audit клиент сделал заказ 
июн. 05, 2023 8:40:06 PM Classes.Log logInfo
INFO: Audit клиент сделал заказ 
июн. 05, 2023 8:40:06 PM Classes.Log logInfo
INFO: Audit клиент сделал заказ 
июн. 05, 2023 8:40:06 PM Classes.Log logInfo
INFO: Audit клиент сделал заказ 
июн. 05, 2023 8:40:06 PM Classes.Log logInfo
INFO: Audit клиент сделал заказ 
июн. 05, 2023 8:40:06 PM Classes.Log logInfo
INFO: Audit клиент сделал заказ 
июн. 05, 2023 8:40:06 PM Classes.Log logInfo
INFO: Audit клиент сделал заказ 
июн. 05, 2023 8:40:06 PM Classes.Log logInfo
INFO: Audit клиент сделал заказ 
июн. 05, 2023 8:40:06 PM Classes.Log logInfo
INFO: Audit клиент сделал заказ 
июн. 05, 2023 8:40:06 PM Classes.Log logInfo
INFO: Audit клиент сделал заказ 
июн. 05, 2023 8:40:06 PM Classes.Log logInfo
INFO: Audit клиент сделал заказ 
июн. 05, 2023 8:40:06 PM Classes.Log logInfo
INFO: Audit клиент сделал заказ 
июн. 05, 2023 8:40:06 PM Classes.Log logInfo
INFO: Audit клиент сделал заказ 
июн. 05, 2023 8:40:06 PM Classes.Log logInfo
INFO: Audit клиент сделал заказ 
июн. 05, 2023 8:40:06 PM Classes.Log logInfo
INFO: Petr клиент сделал заказ 
июн. 05, 2023 8:40:06 PM Classes.Log logInfo
INFO: Petr клиент сделал заказ 
июн. 05, 2023 8:40:06 PM Classes.Log logInfo
INFO: Petr клиент сделал заказ 
июн. 05, 2023 8:40:06 PM Classes.Log logInfo
INFO: Petr клиент сделал заказ 
июн. 05, 2023 8:40:06 PM Classes.Log logInfo
INFO: Petr клиент сделал заказ 
июн. 05, 2023 8:40:06 PM Classes.Log logInfo
INFO: Petr клиент сделал заказ 
июн. 05, 2023 8:40:06 PM Classes.Log logInfo
INFO: Petr клиент сделал заказ 
июн. 05, 2023 8:40:06 PM Classes.Log logInfo
INFO: Petr клиент сделал заказ 
июн. 05, 2023 8:40:06 PM Classes.Log logInfo
INFO: Petr клиент сделал заказ 
июн. 05, 2023 8:40:06 PM Classes.Log logInfo
INFO: Petr клиент сделал заказ 
июн. 05, 2023 8:40:06 PM Classes.Log logInfo
INFO: Petr клиент сделал заказ 
июн. 05, 2023 8:40:06 PM Classes.Log logInfo
INFO: Petr клиент сделал заказ 
июн. 05, 2023 8:40:06 PM Classes.Log logInfo
INFO: Petr клиент сделал заказ 
июн. 05, 2023 8:40:06 PM Classes.Log logInfo
INFO: Petr клиент сделал заказ 
июн. 05, 2023 8:40:06 PM Classes.Log logInfo
INFO: Petr клиент сделал заказ 
июн. 05, 2023 8:40:06 PM Classes.Log logInfo
INFO: Petr клиент сделал заказ 
июн. 05, 2023 8:40:06 PM Classes.Log logInfo
INFO: Petr клиент сделал заказ 
июн. 05, 2023 8:40:06 PM Classes.Log logInfo
INFO: Petr клиент сделал заказ 
июн. 05, 2023 8:40:06 PM Classes.Log logInfo
INFO: Petr клиент сделал заказ 
июн. 05, 2023 8:40:06 PM Classes.Log logInfo
INFO: Alex клиент сделал заказ 
июн. 05, 2023 8:40:06 PM Classes.Log logInfo
INFO: Alex клиент сделал заказ 
июн. 05, 2023 8:40:06 PM Classes.Log logInfo
INFO: Alex клиент сделал заказ 
июн. 05, 2023 8:40:06 PM Classes.Log logInfo
INFO: Alex клиент сделал заказ 
июн. 05, 2023 8:40:06 PM Classes.Log logInfo
INFO: Alex клиент сделал заказ 
июн. 05, 2023 8:40:06 PM Classes.Log logInfo
INFO: Alex клиент сделал заказ 
июн. 05, 2023 8:40:06 PM Classes.Log logInfo
INFO: Alex клиент сделал заказ 
июн. 05, 2023 8:40:06 PM Classes.Log logInfo
INFO: Alex клиент сделал заказ 
июн. 05, 2023 8:40:06 PM Classes.Log logInfo
INFO: Alex клиент сделал заказ 
июн. 05, 2023 8:40:06 PM Classes.Log logInfo
INFO: Alex клиент сделал заказ 
июн. 05, 2023 8:40:06 PM Classes.Log logInfo
INFO: Alex клиент сделал заказ 
июн. 05, 2023 8:40:06 PM Classes.Log logInfo
INFO: Alex клиент сделал заказ 
июн. 05, 2023 8:40:06 PM Classes.Log logInfo
INFO: Alex клиент сделал заказ 
июн. 05, 2023 8:40:06 PM Classes.Log logInfo
INFO: Alex клиент сделал заказ 
июн. 05, 2023 8:40:06 PM Classes.Log logInfo
INFO: Alex клиент сделал заказ 
июн. 05, 2023 8:40:06 PM Classes.Log logInfo
INFO: Alex клиент сделал заказ 
июн. 05, 2023 8:40:06 PM Classes.Log logInfo
INFO: Alex клиент сделал заказ 
июн. 05, 2023 8:40:06 PM Classes.Log logInfo
INFO: Alex клиент сделал заказ 
июн. 05, 2023 8:40:06 PM Classes.Log logInfo
INFO: Alex клиент сделал заказ 
июн. 05, 2023 8:40:06 PM Classes.Log logInfo
INFO: Alex клиент сделал заказ 
июн. 05, 2023 8:40:06 PM Classes.Log logInfo
INFO: Andy клиент сделал заказ 
июн. 05, 2023 8:40:06 PM Classes.Log logInfo
INFO: Andy клиент сделал заказ 
июн. 05, 2023 8:40:06 PM Classes.Log logInfo
INFO: Andy клиент сделал заказ 
июн. 05, 2023 8:40:06 PM Classes.Log logInfo
INFO: Andy клиент сделал заказ 
июн. 05, 2023 8:40:06 PM Classes.Log logInfo
INFO: Andy клиент сделал заказ 
июн. 05, 2023 8:40:06 PM Classes.Log logInfo
INFO: Andy клиент сделал заказ 
июн. 05, 2023 8:40:06 PM Classes.Log logInfo
INFO: Andy клиент сделал заказ 
июн. 05, 2023 8:40:06 PM Classes.Log logInfo
INFO: Andy клиент сделал заказ 
июн. 05, 2023 8:40:06 PM Classes.Log logInfo
INFO: Andy клиент сделал заказ 
июн. 05, 2023 8:40:06 PM Classes.Log logInfo
INFO: Andy клиент сделал заказ 
июн. 05, 2023 8:40:06 PM Classes.Log logInfo
INFO: Andy клиент сделал заказ 
июн. 05, 2023 8:40:06 PM Classes.Log logInfo
INFO: Andy клиент сделал заказ 
июн. 05, 2023 8:40:06 PM Classes.Log logInfo
INFO: Andy клиент сделал заказ 
июн. 05, 2023 8:40:06 PM Classes.Log logInfo
INFO: Andy клиент сделал заказ 
июн. 05, 2023 8:40:06 PM Classes.Log logInfo
INFO: Andy клиент сделал заказ 
июн. 05, 2023 8:40:06 PM Classes.Log logInfo
INFO: Andy клиент сделал заказ 
июн. 05, 2023 8:40:06 PM Classes.Log logInfo
INFO: Andy клиент сделал заказ 
июн. 05, 2023 8:40:06 PM Classes.Log logInfo
INFO: Andy клиент сделал заказ 
июн. 05, 2023 8:40:06 PM Classes.Log logInfo
INFO: Andy клиент сделал заказ 
июн. 05, 2023 8:40:06 PM Classes.Log logInfo
INFO: Andy клиент сделал заказ 
июн. 05, 2023 8:40:06 PM Classes.Log logInfo
INFO: Andy клиент сделал заказ 
июн. 05, 2023 8:40:06 PM Classes.Log logInfo
INFO: Audit клиент получил свой заказ 
июн. 05, 2023 8:40:06 PM Classes.Log logInfo
INFO: Audit клиент получил свой заказ 
июн. 05, 2023 8:40:06 PM Classes.Log logInfo
INFO: Audit клиент получил свой заказ 
июн. 05, 2023 8:40:06 PM Classes.Log logInfo
INFO: Audit клиент получил свой заказ 
июн. 05, 2023 8:40:06 PM Classes.Log logInfo
INFO: Audit клиент получил свой заказ 
июн. 05, 2023 8:40:06 PM Classes.Log logInfo
INFO: Audit клиент получил свой заказ 
июн. 05, 2023 8:40:06 PM Classes.Log logInfo
INFO: Audit клиент получил свой заказ 
июн. 05, 2023 8:40:06 PM Classes.Log logInfo
INFO: Audit клиент получил свой заказ 
июн. 05, 2023 8:40:06 PM Classes.Log logInfo
INFO: Audit клиент получил свой заказ 
июн. 05, 2023 8:40:06 PM Classes.Log logInfo
INFO: Audit клиент получил свой заказ 
июн. 05, 2023 8:40:06 PM Classes.Log logInfo
INFO: Audit клиент получил свой заказ 
июн. 05, 2023 8:40:06 PM Classes.Log logInfo
INFO: Audit клиент получил свой заказ 
июн. 05, 2023 8:40:06 PM Classes.Log logInfo
INFO: Audit клиент получил свой заказ 
июн. 05, 2023 8:40:06 PM Classes.Log logInfo
INFO: Audit клиент получил свой заказ 
июн. 05, 2023 8:40:06 PM Classes.Log logInfo
INFO: Audit клиент получил свой заказ 
июн. 05, 2023 8:40:06 PM Classes.Log logInfo
INFO: Audit клиент получил свой заказ 
июн. 05, 2023 8:40:06 PM Classes.Log logInfo
INFO: Audit клиент получил свой заказ 
июн. 05, 2023 8:40:06 PM Classes.Log logInfo
INFO: Audit клиент получил свой заказ 
июн. 05, 2023 8:40:06 PM Classes.Log logInfo
INFO: Audit клиент получил свой заказ 
июн. 05, 2023 8:40:06 PM Classes.Log logInfo
INFO: Audit клиент получил свой заказ 
июн. 05, 2023 8:40:06 PM Classes.Log logInfo
INFO: Audit клиент получил свой заказ 
июн. 05, 2023 8:40:06 PM Classes.Log logInfo
INFO: Audit клиент получил свой заказ 
июн. 05, 2023 8:40:06 PM Classes.Log logInfo
INFO: Petr клиент получил свой заказ 
июн. 05, 2023 8:40:06 PM Classes.Log logInfo
INFO: Petr клиент получил свой заказ 
июн. 05, 2023 8:40:06 PM Classes.Log logInfo
INFO: Petr клиент получил свой заказ 
июн. 05, 2023 8:40:06 PM Classes.Log logInfo
INFO: Petr клиент получил свой заказ 
июн. 05, 2023 8:40:06 PM Classes.Log logInfo
INFO: Petr клиент получил свой заказ 
июн. 05, 2023 8:40:06 PM Classes.Log logInfo
INFO: Petr клиент получил свой заказ 
июн. 05, 2023 8:40:06 PM Classes.Log logInfo
INFO: Petr клиент получил свой заказ 
июн. 05, 2023 8:40:06 PM Classes.Log logInfo
INFO: Petr клиент получил свой заказ 
июн. 05, 2023 8:40:06 PM Classes.Log logInfo
INFO: Petr клиент получил свой заказ 
июн. 05, 2023 8:40:06 PM Classes.Log logInfo
INFO: Petr клиент получил свой заказ 
июн. 05, 2023 8:40:06 PM Classes.Log logInfo
INFO: Petr клиент получил свой заказ 
июн. 05, 2023 8:40:06 PM Classes.Log logInfo
INFO: Petr клиент получил свой заказ 
июн. 05, 2023 8:40:06 PM Classes.Log logInfo
INFO: Petr клиент получил свой заказ 
июн. 05, 2023 8:40:06 PM Classes.Log logInfo
INFO: Petr клиент получил свой заказ 
июн. 05, 2023 8:40:06 PM Classes.Log logInfo
INFO: Petr клиент получил свой заказ 
июн. 05, 2023 8:40:06 PM Classes.Log logInfo
INFO: Petr клиент получил свой заказ 
июн. 05, 2023 8:40:06 PM Classes.Log logInfo
INFO: Petr клиент получил свой заказ 
июн. 05, 2023 8:40:06 PM Classes.Log logInfo
INFO: Petr клиент получил свой заказ 
июн. 05, 2023 8:40:06 PM Classes.Log logInfo
INFO: Petr клиент получил свой заказ 
июн. 05, 2023 8:40:06 PM Classes.Log logInfo
INFO: Petr клиент получил свой заказ 
июн. 05, 2023 8:40:06 PM Classes.Log logInfo
INFO: Petr клиент получил свой заказ 
июн. 05, 2023 8:40:06 PM Classes.Log logInfo
INFO: Petr клиент получил свой заказ 
июн. 05, 2023 8:40:06 PM Classes.Log logInfo
INFO: Petr клиент получил свой заказ 
июн. 05, 2023 8:40:06 PM Classes.Log logInfo
INFO: Alex клиент получил свой заказ 
июн. 05, 2023 8:40:06 PM Classes.Log logInfo
INFO: Alex клиент получил свой заказ 
июн. 05, 2023 8:40:06 PM Classes.Log logInfo
INFO: Alex клиент получил свой заказ 
июн. 05, 2023 8:40:06 PM Classes.Log logInfo
INFO: Alex клиент получил свой заказ 
июн. 05, 2023 8:40:06 PM Classes.Log logInfo
INFO: Alex клиент получил свой заказ 
июн. 05, 2023 8:40:06 PM Classes.Log logInfo
INFO: Alex клиент получил свой заказ 
июн. 05, 2023 8:40:06 PM Classes.Log logInfo
INFO: Alex клиент получил свой заказ 
июн. 05, 2023 8:40:06 PM Classes.Log logInfo
INFO: Alex клиент получил свой заказ 
июн. 05, 2023 8:40:06 PM Classes.Log logInfo
INFO: Alex клиент получил свой заказ 
июн. 05, 2023 8:40:06 PM Classes.Log logInfo
INFO: Alex клиент получил свой заказ 
июн. 05, 2023 8:40:06 PM Classes.Log logInfo
INFO: Alex клиент получил свой заказ 
июн. 05, 2023 8:40:06 PM Classes.Log logInfo
INFO: Alex клиент получил свой заказ 
июн. 05, 2023 8:40:06 PM Classes.Log logInfo
INFO: Alex клиент получил свой заказ 
июн. 05, 2023 8:40:06 PM Classes.Log logInfo
INFO: Alex клиент получил свой заказ 
июн. 05, 2023 8:40:06 PM Classes.Log logInfo
INFO: Alex клиент получил свой заказ 
июн. 05, 2023 8:40:06 PM Classes.Log logInfo
INFO: Alex клиент получил свой заказ 
июн. 05, 2023 8:40:06 PM Classes.Log logInfo
INFO: Alex клиент получил свой заказ 
июн. 05, 2023 8:40:06 PM Classes.Log logInfo
INFO: Alex клиент получил свой заказ 
июн. 05, 2023 8:40:06 PM Classes.Log logInfo
INFO: Alex клиент получил свой заказ 
июн. 05, 2023 8:40:06 PM Classes.Log logInfo
INFO: Alex клиент получил свой заказ 
июн. 05, 2023 8:40:06 PM Classes.Log logInfo
INFO: Alex клиент получил свой заказ 
июн. 05, 2023 8:40:06 PM Classes.Log logInfo
INFO: Alex клиент получил свой заказ 
июн. 05, 2023 8:40:06 PM Classes.Log logInfo
INFO: Alex клиент получил свой заказ 
июн. 05, 2023 8:40:06 PM Classes.Log logInfo
INFO: Alex клиент получил свой заказ 
июн. 05, 2023 8:40:06 PM Classes.Log logInfo
INFO: Andy клиент получил свой заказ 
июн. 05, 2023 8:40:06 PM Classes.Log logInfo
INFO: Andy клиент получил свой заказ 
июн. 05, 2023 8:40:06 PM Classes.Log logInfo
INFO: Andy клиент получил свой заказ 
июн. 05, 2023 8:40:06 PM Classes.Log logInfo
INFO: Andy клиент получил свой заказ 
июн. 05, 2023 8:40:06 PM Classes.Log logInfo
INFO: Andy клиент получил свой заказ 
июн. 05, 2023 8:40:06 PM Classes.Log logInfo
INFO: Andy клиент получил свой заказ 
июн. 05, 2023 8:40:06 PM Classes.Log logInfo
INFO: Andy клиент получил свой заказ 
июн. 05, 2023 8:40:06 PM Classes.Log logInfo
INFO: Andy клиент получил свой заказ 
июн. 05, 2023 8:40:06 PM Classes.Log logInfo
INFO: Andy клиент получил свой заказ 
июн. 05, 2023 8:40:06 PM Classes.Log logInfo
INFO: Andy клиент получил свой заказ 
июн. 05, 2023 8:40:06 PM Classes.Log logInfo
INFO: Andy клиент получил свой заказ 
июн. 05, 2023 8:40:06 PM Classes.Log logInfo
INFO: Andy клиент получил свой заказ 
июн. 05, 2023 8:40:06 PM Classes.Log logInfo
INFO: Andy клиент получил свой заказ 
июн. 05, 2023 8:40:06 PM Classes.Log logInfo
INFO: Andy клиент получил свой заказ 
июн. 05, 2023 8:40:06 PM Classes.Log logInfo
INFO: Andy клиент получил свой заказ 
июн. 05, 2023 8:40:06 PM Classes.Log logInfo
INFO: Andy клиент получил свой заказ 
июн. 05, 2023 8:40:06 PM Classes.Log logInfo
INFO: Andy клиент получил свой заказ 
июн. 05, 2023 8:40:06 PM Classes.Log logInfo
INFO: Andy клиент получил свой заказ 
июн. 05, 2023 8:40:06 PM Classes.Log logInfo
INFO: Andy клиент получил свой заказ 
июн. 05, 2023 8:40:06 PM Classes.Log logInfo
INFO: Andy клиент получил свой заказ 
июн. 05, 2023 8:40:06 PM Classes.Log logInfo
INFO: Andy клиент получил свой заказ 
июн. 05, 2023 8:40:06 PM Classes.Log logInfo
INFO: Andy клиент получил свой заказ 
июн. 05, 2023 8:40:06 PM Classes.Log logInfo
INFO: Andy клиент получил свой заказ 
июн. 05, 2023 8:40:06 PM Classes.Log logInfo
INFO: Andy клиент получил свой заказ 
июн. 05, 2023 8:40:06 PM Classes.Log logInfo
INFO: Andy клиент получил свой заказ 
июн. 05, 2023 8:40:06 PM Classes.Log logInfo
INFO: Return from client Boris accepted
июн. 05, 2023 8:40:06 PM Classes.Log logInfo
INFO: Return from client Boris accepted
июн. 05, 2023 8:40:06 PM Classes.Log logInfo
INFO: Return from client Boris accepted
июн. 05, 2023 8:40:06 PM Classes.Log logInfo
INFO: Return from client Boris accepted
июн. 05, 2023 8:40:06 PM Classes.Log logInfo
INFO: Return from client Boris accepted
июн. 05, 2023 8:40:06 PM Classes.Log logInfo
INFO: Return from client Boris accepted
июн. 05, 2023 8:40:06 PM Classes.Log logInfo
INFO: Return from client Boris accepted
июн. 05, 2023 8:40:06 PM Classes.Log logInfo
INFO: Return from client Boris accepted
июн. 05, 2023 8:40:06 PM Classes.Log logInfo
INFO: Return from client Boris accepted
июн. 05, 2023 8:40:06 PM Classes.Log logInfo
INFO: Return from client Boris accepted
июн. 05, 2023 8:40:06 PM Classes.Log logInfo
INFO: Return from client Boris accepted
июн. 05, 2023 8:40:06 PM Classes.Log logInfo
INFO: Return from client Boris accepted
июн. 05, 2023 8:40:06 PM Classes.Log logInfo
INFO: Return from client Boris accepted
июн. 05, 2023 8:40:06 PM Classes.Log logInfo
INFO: Return from client Boris accepted
июн. 05, 2023 8:40:06 PM Classes.Log logInfo
INFO: Return from client Boris accepted
июн. 05, 2023 8:40:06 PM Classes.Log logInfo
INFO: Return from client Boris accepted
июн. 05, 2023 8:40:06 PM Classes.Log logInfo
INFO: Return from client Boris accepted
июн. 05, 2023 8:40:06 PM Classes.Log logInfo
INFO: Return from client Boris accepted
июн. 05, 2023 8:40:06 PM Classes.Log logInfo
INFO: Return from client Boris accepted
июн. 05, 2023 8:40:06 PM Classes.Log logInfo
INFO: Return from client Boris accepted
июн. 05, 2023 8:40:06 PM Classes.Log logInfo
INFO: Return from client Boris accepted
июн. 05, 2023 8:40:06 PM Classes.Log logInfo
INFO: Return from client Boris accepted
июн. 05, 2023 8:40:06 PM Classes.Log logInfo
INFO: Return from client Boris accepted
июн. 05, 2023 8:40:06 PM Classes.Log logInfo
INFO: Return from client Boris accepted
июн. 05, 2023 8:40:06 PM Classes.Log logInfo
INFO: Return from client Boris accepted
июн. 05, 2023 8:40:06 PM Classes.Log logInfo
INFO: Return from client Boris accepted
июн. 05, 2023 8:40:06 PM Classes.Log logInfo
INFO: Return from client Dasha accepted
июн. 05, 2023 8:40:06 PM Classes.Log logInfo
INFO: Return from client Dasha accepted
июн. 05, 2023 8:40:06 PM Classes.Log logInfo
INFO: Return from client Dasha accepted
июн. 05, 2023 8:40:06 PM Classes.Log logInfo
INFO: Return from client Dasha accepted
июн. 05, 2023 8:40:06 PM Classes.Log logInfo
INFO: Return from client Dasha accepted
июн. 05, 2023 8:40:06 PM Classes.Log logInfo
INFO: Return from client Dasha accepted
июн. 05, 2023 8:40:06 PM Classes.Log logInfo
INFO: Return from client Dasha accepted
июн. 05, 2023 8:40:06 PM Classes.Log logInfo
INFO: Return from client Dasha accepted
июн. 05, 2023 8:40:06 PM Classes.Log logInfo
INFO: Return from client Dasha accepted
июн. 05, 2023 8:40:06 PM Classes.Log logInfo
INFO: Return from client Dasha accepted
июн. 05, 2023 8:40:06 PM Classes.Log logInfo
INFO: Return from client Dasha accepted
июн. 05, 2023 8:40:06 PM Classes.Log logInfo
INFO: Return from client Dasha accepted
июн. 05, 2023 8:40:06 PM Classes.Log logInfo
INFO: Return from client Dasha accepted
июн. 05, 2023 8:40:06 PM Classes.Log logInfo
INFO: Return from client Dasha accepted
июн. 05, 2023 8:40:06 PM Classes.Log logInfo
INFO: Return from client Dasha accepted
июн. 05, 2023 8:40:06 PM Classes.Log logInfo
INFO: Return from client Dasha accepted
июн. 05, 2023 8:40:06 PM Classes.Log logInfo
INFO: Return from client Dasha accepted
июн. 05, 2023 8:40:06 PM Classes.Log logInfo
INFO: Return from client Dasha accepted
июн. 05, 2023 8:40:06 PM Classes.Log logInfo
INFO: Return from client Dasha accepted
июн. 05, 2023 8:40:06 PM Classes.Log logInfo
INFO: Return from client Dasha accepted
июн. 05, 2023 8:40:06 PM Classes.Log logInfo
INFO: Return from client Dasha accepted
июн. 05, 2023 8:40:06 PM Classes.Log logInfo
INFO: Return from client Dasha accepted
июн. 05, 2023 8:40:06 PM Classes.Log logInfo
INFO: Return from client Dasha accepted
июн. 05, 2023 8:40:06 PM Classes.Log logInfo
INFO: Return from client Dasha accepted
июн. 05, 2023 8:40:06 PM Classes.Log logInfo
INFO: Return from client Dasha accepted
июн. 05, 2023 8:40:06 PM Classes.Log logInfo
INFO: Return from client Dasha accepted
июн. 05, 2023 8:40:06 PM Classes.Log logInfo
INFO: Return from client Dasha accepted
июн. 05, 2023 8:40:06 PM Classes.Log logInfo
INFO: Return from client Alex accepted
июн. 05, 2023 8:40:06 PM Classes.Log logInfo
INFO: Return from client Alex accepted
июн. 05, 2023 8:40:06 PM Classes.Log logInfo
INFO: Return from client Alex accepted
июн. 05, 2023 8:40:06 PM Classes.Log logInfo
INFO: Return from client Alex accepted
июн. 05, 2023 8:40:06 PM Classes.Log logInfo
INFO: Return from client Alex accepted
июн. 05, 2023 8:40:06 PM Classes.Log logInfo
INFO: Return from client Alex accepted
июн. 05, 2023 8:40:06 PM Classes.Log logInfo
INFO: Return from client Alex accepted
июн. 05, 2023 8:40:06 PM Classes.Log logInfo
INFO: Return from client Alex accepted
июн. 05, 2023 8:40:06 PM Classes.Log logInfo
INFO: Return from client Alex accepted
июн. 05, 2023 8:40:06 PM Classes.Log logInfo
INFO: Return from client Alex accepted
июн. 05, 2023 8:40:06 PM Classes.Log logInfo
INFO: Return from client Alex accepted
июн. 05, 2023 8:40:06 PM Classes.Log logInfo
INFO: Return from client Alex accepted
июн. 05, 2023 8:40:06 PM Classes.Log logInfo
INFO: Return from client Alex accepted
июн. 05, 2023 8:40:06 PM Classes.Log logInfo
INFO: Return from client Alex accepted
июн. 05, 2023 8:40:06 PM Classes.Log logInfo
INFO: Return from client Alex accepted
июн. 05, 2023 8:40:06 PM Classes.Log logInfo
INFO: Return from client Alex accepted
июн. 05, 2023 8:40:06 PM Classes.Log logInfo
INFO: Return from client Alex accepted
июн. 05, 2023 8:40:06 PM Classes.Log logInfo
INFO: Return from client Alex accepted
июн. 05, 2023 8:40:06 PM Classes.Log logInfo
INFO: Return from client Alex accepted
июн. 05, 2023 8:40:06 PM Classes.Log logInfo
INFO: Return from client Alex accepted
июн. 05, 2023 8:40:06 PM Classes.Log logInfo
INFO: Return from client Alex accepted
июн. 05, 2023 8:40:06 PM Classes.Log logInfo
INFO: Return from client Alex accepted
июн. 05, 2023 8:40:06 PM Classes.Log logInfo
INFO: Return from client Alex accepted
июн. 05, 2023 8:40:06 PM Classes.Log logInfo
INFO: Return from client Alex accepted
июн. 05, 2023 8:40:06 PM Classes.Log logInfo
INFO: Return from client Alex accepted
июн. 05, 2023 8:40:06 PM Classes.Log logInfo
INFO: Return from client Alex accepted
июн. 05, 2023 8:40:06 PM Classes.Log logInfo
INFO: Return from client Alex accepted
июн. 05, 2023 8:40:06 PM Classes.Log logInfo
INFO: Return from client Alex accepted
июн. 05, 2023 8:40:06 PM Classes.Log logInfo
INFO: Boris клиент ушел из очереди 
июн. 05, 2023 8:40:06 PM Classes.Log logInfo
INFO: Boris клиент ушел из очереди 
июн. 05, 2023 8:40:06 PM Classes.Log logInfo
INFO: Boris клиент ушел из очереди 
июн. 05, 2023 8:40:06 PM Classes.Log logInfo
INFO: Boris клиент ушел из очереди 
июн. 05, 2023 8:40:06 PM Classes.Log logInfo
INFO: Boris клиент ушел из очереди 
июн. 05, 2023 8:40:06 PM Classes.Log logInfo
INFO: Boris клиент ушел из очереди 
июн. 05, 2023 8:40:06 PM Classes.Log logInfo
INFO: Boris клиент ушел из очереди 
июн. 05, 2023 8:40:06 PM Classes.Log logInfo
INFO: Boris клиент ушел из очереди 
июн. 05, 2023 8:40:06 PM Classes.Log logInfo
INFO: Boris клиент ушел из очереди 
июн. 05, 2023 8:40:06 PM Classes.Log logInfo
INFO: Boris клиент ушел из очереди 
июн. 05, 2023 8:40:06 PM Classes.Log logInfo
INFO: Boris клиент ушел из очереди 
июн. 05, 2023 8:40:06 PM Classes.Log logInfo
INFO: Boris клиент ушел из очереди 
июн. 05, 2023 8:40:06 PM Classes.Log logInfo
INFO: Boris клиент ушел из очереди 
июн. 05, 2023 8:40:06 PM Classes.Log logInfo
INFO: Boris клиент ушел из очереди 
июн. 05, 2023 8:40:06 PM Classes.Log logInfo
INFO: Boris клиент ушел из очереди 
июн. 05, 2023 8:40:06 PM Classes.Log logInfo
INFO: Boris клиент ушел из очереди 
июн. 05, 2023 8:40:06 PM Classes.Log logInfo
INFO: Boris клиент ушел из очереди 
июн. 05, 2023 8:40:06 PM Classes.Log logInfo
INFO: Boris клиент ушел из очереди 
июн. 05, 2023 8:40:06 PM Classes.Log logInfo
INFO: Boris клиент ушел из очереди 
июн. 05, 2023 8:40:06 PM Classes.Log logInfo
INFO: Boris клиент ушел из очереди 
июн. 05, 2023 8:40:06 PM Classes.Log logInfo
INFO: Boris клиент ушел из очереди 
июн. 05, 2023 8:40:06 PM Classes.Log logInfo
INFO: Boris клиент ушел из очереди 
июн. 05, 2023 8:40:06 PM Classes.Log logInfo
INFO: Boris клиент ушел из очереди 
июн. 05, 2023 8:40:06 PM Classes.Log logInfo
INFO: Boris клиент ушел из очереди 
июн. 05, 2023 8:40:06 PM Classes.Log logInfo
INFO: Boris клиент ушел из очереди 
июн. 05, 2023 8:40:06 PM Classes.Log logInfo
INFO: Boris клиент ушел из очереди 
июн. 05, 2023 8:40:06 PM Classes.Log logInfo
INFO: Boris клиент ушел из очереди 
июн. 05, 2023 8:40:06 PM Classes.Log logInfo
INFO: Boris клиент ушел из очереди 
июн. 05, 2023 8:40:06 PM Classes.Log logInfo
INFO: Boris клиент ушел из очереди 
июн. 05, 2023 8:40:06 PM Classes.Log logInfo
INFO: Dasha клиент ушел из очереди 
июн. 05, 2023 8:40:06 PM Classes.Log logInfo
INFO: Dasha клиент ушел из очереди 
июн. 05, 2023 8:40:06 PM Classes.Log logInfo
INFO: Dasha клиент ушел из очереди 
июн. 05, 2023 8:40:06 PM Classes.Log logInfo
INFO: Dasha клиент ушел из очереди 
июн. 05, 2023 8:40:06 PM Classes.Log logInfo
INFO: Dasha клиент ушел из очереди 
июн. 05, 2023 8:40:06 PM Classes.Log logInfo
INFO: Dasha клиент ушел из очереди 
июн. 05, 2023 8:40:06 PM Classes.Log logInfo
INFO: Dasha клиент ушел из очереди 
июн. 05, 2023 8:40:06 PM Classes.Log logInfo
INFO: Dasha клиент ушел из очереди 
июн. 05, 2023 8:40:06 PM Classes.Log logInfo
INFO: Dasha клиент ушел из очереди 
июн. 05, 2023 8:40:06 PM Classes.Log logInfo
INFO: Dasha клиент ушел из очереди 
июн. 05, 2023 8:40:06 PM Classes.Log logInfo
INFO: Dasha клиент ушел из очереди 
июн. 05, 2023 8:40:06 PM Classes.Log logInfo
INFO: Dasha клиент ушел из очереди 
июн. 05, 2023 8:40:06 PM Classes.Log logInfo
INFO: Dasha клиент ушел из очереди 
июн. 05, 2023 8:40:06 PM Classes.Log logInfo
INFO: Dasha клиент ушел из очереди 
июн. 05, 2023 8:40:06 PM Classes.Log logInfo
INFO: Dasha клиент ушел из очереди 
июн. 05, 2023 8:40:06 PM Classes.Log logInfo
INFO: Dasha клиент ушел из очереди 
июн. 05, 2023 8:40:06 PM Classes.Log logInfo
INFO: Dasha клиент ушел из очереди 
июн. 05, 2023 8:40:06 PM Classes.Log logInfo
INFO: Dasha клиент ушел из очереди 
июн. 05, 2023 8:40:06 PM Classes.Log logInfo
INFO: Dasha клиент ушел из очереди 
июн. 05, 2023 8:40:06 PM Classes.Log logInfo
INFO: Dasha клиент ушел из очереди 
июн. 05, 2023 8:40:06 PM Classes.Log logInfo
INFO: Dasha клиент ушел из очереди 
июн. 05, 2023 8:40:06 PM Classes.Log logInfo
INFO: Dasha клиент ушел из очереди 
июн. 05, 2023 8:40:06 PM Classes.Log logInfo
INFO: Dasha клиент ушел из очереди 
июн. 05, 2023 8:40:06 PM Classes.Log logInfo
INFO: Dasha клиент ушел из очереди 
июн. 05, 2023 8:40:06 PM Classes.Log logInfo
INFO: Dasha клиент ушел из очереди 
июн. 05, 2023 8:40:06 PM Classes.Log logInfo
INFO: Dasha клиент ушел из очереди 
июн. 05, 2023 8:40:06 PM Classes.Log logInfo
INFO: Dasha клиент ушел из очереди 
июн. 05, 2023 8:40:06 PM Classes.Log logInfo
INFO: Dasha клиент ушел из очереди 
июн. 05, 2023 8:40:06 PM Classes.Log logInfo
INFO: Dasha клиент ушел из очереди 
июн. 05, 2023 8:40:06 PM Classes.Log logInfo
INFO: Dasha клиент ушел из очереди 
июн. 05, 2023 8:40:06 PM Classes.Log logInfo
INFO: Audit клиент ушел из очереди 
июн. 05, 2023 8:40:06 PM Classes.Log logInfo
INFO: Audit клиент ушел из очереди 
июн. 05, 2023 8:40:06 PM Classes.Log logInfo
INFO: Audit клиент ушел из очереди 
июн. 05, 2023 8:40:06 PM Classes.Log logInfo
INFO: Audit клиент ушел из очереди 
июн. 05, 2023 8:40:06 PM Classes.Log logInfo
INFO: Audit клиент ушел из очереди 
июн. 05, 2023 8:40:06 PM Classes.Log logInfo
INFO: Audit клиент ушел из очереди 
июн. 05, 2023 8:40:06 PM Classes.Log logInfo
INFO: Audit клиент ушел из очереди 
июн. 05, 2023 8:40:06 PM Classes.Log logInfo
INFO: Audit клиент ушел из очереди 
июн. 05, 2023 8:40:06 PM Classes.Log logInfo
INFO: Audit клиент ушел из очереди 
июн. 05, 2023 8:40:06 PM Classes.Log logInfo
INFO: Audit клиент ушел из очереди 
июн. 05, 2023 8:40:06 PM Classes.Log logInfo
INFO: Audit клиент ушел из очереди 
июн. 05, 2023 8:40:06 PM Classes.Log logInfo
INFO: Audit клиент ушел из очереди 
июн. 05, 2023 8:40:06 PM Classes.Log logInfo
INFO: Audit клиент ушел из очереди 
июн. 05, 2023 8:40:06 PM Classes.Log logInfo
INFO: Audit клиент ушел из очереди 
июн. 05, 2023 8:40:06 PM Classes.Log logInfo
INFO: Audit клиент ушел из очереди 
июн. 05, 2023 8:40:06 PM Classes.Log logInfo
INFO: Audit клиент ушел из очереди 
июн. 05, 2023 8:40:06 PM Classes.Log logInfo
INFO: Audit клиент ушел из очереди 
июн. 05, 2023 8:40:06 PM Classes.Log logInfo
INFO: Audit клиент ушел из очереди 
июн. 05, 2023 8:40:06 PM Classes.Log logInfo
INFO: Audit клиент ушел из очереди 
июн. 05, 2023 8:40:06 PM Classes.Log logInfo
INFO: Audit клиент ушел из очереди 
июн. 05, 2023 8:40:06 PM Classes.Log logInfo
INFO: Audit клиент ушел из очереди 
июн. 05, 2023 8:40:06 PM Classes.Log logInfo
INFO: Audit клиент ушел из очереди 
июн. 05, 2023 8:40:06 PM Classes.Log logInfo
INFO: Audit клиент ушел из очереди 
июн. 05, 2023 8:40:06 PM Classes.Log logInfo
INFO: Audit клиент ушел из очереди 
июн. 05, 2023 8:40:06 PM Classes.Log logInfo
INFO: Audit клиент ушел из очереди 
июн. 05, 2023 8:40:06 PM Classes.Log logInfo
INFO: Audit клиент ушел из очереди 
июн. 05, 2023 8:40:06 PM Classes.Log logInfo
INFO: Audit клиент ушел из очереди 
июн. 05, 2023 8:40:06 PM Classes.Log logInfo
INFO: Audit клиент ушел из очереди 
июн. 05, 2023 8:40:06 PM Classes.Log logInfo
INFO: Audit клиент ушел из очереди 
июн. 05, 2023 8:40:06 PM Classes.Log logInfo
INFO: Audit клиент ушел из очереди 
июн. 05, 2023 8:40:06 PM Classes.Log logInfo
INFO: Audit клиент ушел из очереди 
июн. 05, 2023 8:40:06 PM Classes.Log logInfo
INFO: Petr клиент ушел из очереди 
июн. 05, 2023 8:40:06 PM Classes.Log logInfo
INFO: Petr клиент ушел из очереди 
июн. 05, 2023 8:40:06 PM Classes.Log logInfo
INFO: Petr клиент ушел из очереди 
июн. 05, 2023 8:40:06 PM Classes.Log logInfo
INFO: Petr клиент ушел из очереди 
июн. 05, 2023 8:40:06 PM Classes.Log logInfo
INFO: Petr клиент ушел из очереди 
июн. 05, 2023 8:40:06 PM Classes.Log logInfo
INFO: Petr клиент ушел из очереди 
июн. 05, 2023 8:40:06 PM Classes.Log logInfo
INFO: Petr клиент ушел из очереди 
июн. 05, 2023 8:40:06 PM Classes.Log logInfo
INFO: Petr клиент ушел из очереди 
июн. 05, 2023 8:40:06 PM Classes.Log logInfo
INFO: Petr клиент ушел из очереди 
июн. 05, 2023 8:40:06 PM Classes.Log logInfo
INFO: Petr клиент ушел из очереди 
июн. 05, 2023 8:40:06 PM Classes.Log logInfo
INFO: Petr клиент ушел из очереди 
июн. 05, 2023 8:40:06 PM Classes.Log logInfo
INFO: Petr клиент ушел из очереди 
июн. 05, 2023 8:40:06 PM Classes.Log logInfo
INFO: Petr клиент ушел из очереди 
июн. 05, 2023 8:40:06 PM Classes.Log logInfo
INFO: Petr клиент ушел из очереди 
июн. 05, 2023 8:40:06 PM Classes.Log logInfo
INFO: Petr клиент ушел из очереди 
июн. 05, 2023 8:40:06 PM Classes.Log logInfo
INFO: Petr клиент ушел из очереди 
июн. 05, 2023 8:40:06 PM Classes.Log logInfo
INFO: Petr клиент ушел из очереди 
июн. 05, 2023 8:40:06 PM Classes.Log logInfo
INFO: Petr клиент ушел из очереди 
июн. 05, 2023 8:40:06 PM Classes.Log logInfo
INFO: Petr клиент ушел из очереди 
июн. 05, 2023 8:40:06 PM Classes.Log logInfo
INFO: Petr клиент ушел из очереди 
июн. 05, 2023 8:40:06 PM Classes.Log logInfo
INFO: Petr клиент ушел из очереди 
июн. 05, 2023 8:40:06 PM Classes.Log logInfo
INFO: Petr клиент ушел из очереди 
июн. 05, 2023 8:40:06 PM Classes.Log logInfo
INFO: Petr клиент ушел из очереди 
июн. 05, 2023 8:40:06 PM Classes.Log logInfo
INFO: Petr клиент ушел из очереди 
июн. 05, 2023 8:40:06 PM Classes.Log logInfo
INFO: Petr клиент ушел из очереди 
июн. 05, 2023 8:40:06 PM Classes.Log logInfo
INFO: Petr клиент ушел из очереди 
июн. 05, 2023 8:40:06 PM Classes.Log logInfo
INFO: Petr клиент ушел из очереди 
июн. 05, 2023 8:40:06 PM Classes.Log logInfo
INFO: Petr клиент ушел из очереди 
июн. 05, 2023 8:40:06 PM Classes.Log logInfo
INFO: Petr клиент ушел из очереди 
июн. 05, 2023 8:40:06 PM Classes.Log logInfo
INFO: Petr клиент ушел из очереди 
июн. 05, 2023 8:40:06 PM Classes.Log logInfo
INFO: Petr клиент ушел из очереди 
июн. 05, 2023 8:40:06 PM Classes.Log logInfo
INFO: Petr клиент ушел из очереди 
июн. 05, 2023 8:40:06 PM Classes.Log logInfo
INFO: Alex клиент ушел из очереди 
июн. 05, 2023 8:40:06 PM Classes.Log logInfo
INFO: Alex клиент ушел из очереди 
июн. 05, 2023 8:40:06 PM Classes.Log logInfo
INFO: Alex клиент ушел из очереди 
июн. 05, 2023 8:40:06 PM Classes.Log logInfo
INFO: Alex клиент ушел из очереди 
июн. 05, 2023 8:40:06 PM Classes.Log logInfo
INFO: Alex клиент ушел из очереди 
июн. 05, 2023 8:40:06 PM Classes.Log logInfo
INFO: Alex клиент ушел из очереди 
июн. 05, 2023 8:40:06 PM Classes.Log logInfo
INFO: Alex клиент ушел из очереди 
июн. 05, 2023 8:40:06 PM Classes.Log logInfo
INFO: Alex клиент ушел из очереди 
июн. 05, 2023 8:40:06 PM Classes.Log logInfo
INFO: Alex клиент ушел из очереди 
июн. 05, 2023 8:40:06 PM Classes.Log logInfo
INFO: Alex клиент ушел из очереди 
июн. 05, 2023 8:40:06 PM Classes.Log logInfo
INFO: Alex клиент ушел из очереди 
июн. 05, 2023 8:40:06 PM Classes.Log logInfo
INFO: Alex клиент ушел из очереди 
июн. 05, 2023 8:40:06 PM Classes.Log logInfo
INFO: Alex клиент ушел из очереди 
июн. 05, 2023 8:40:06 PM Classes.Log logInfo
INFO: Alex клиент ушел из очереди 
июн. 05, 2023 8:40:06 PM Classes.Log logInfo
INFO: Alex клиент ушел из очереди 
июн. 05, 2023 8:40:06 PM Classes.Log logInfo
INFO: Alex клиент ушел из очереди 
июн. 05, 2023 8:40:06 PM Classes.Log logInfo
INFO: Alex клиент ушел из очереди 
июн. 05, 2023 8:40:06 PM Classes.Log logInfo
INFO: Alex клиент ушел из очереди 
июн. 05, 2023 8:40:06 PM Classes.Log logInfo
INFO: Alex клиент ушел из очереди 
июн. 05, 2023 8:40:06 PM Classes.Log logInfo
INFO: Alex клиент ушел из очереди 
июн. 05, 2023 8:40:06 PM Classes.Log logInfo
INFO: Alex клиент ушел из очереди 
июн. 05, 2023 8:40:06 PM Classes.Log logInfo
INFO: Alex клиент ушел из очереди 
июн. 05, 2023 8:40:06 PM Classes.Log logInfo
INFO: Alex клиент ушел из очереди 
июн. 05, 2023 8:40:06 PM Classes.Log logInfo
INFO: Alex клиент ушел из очереди 
июн. 05, 2023 8:40:06 PM Classes.Log logInfo
INFO: Alex клиент ушел из очереди 
июн. 05, 2023 8:40:06 PM Classes.Log logInfo
INFO: Alex клиент ушел из очереди 
июн. 05, 2023 8:40:06 PM Classes.Log logInfo
INFO: Alex клиент ушел из очереди 
июн. 05, 2023 8:40:06 PM Classes.Log logInfo
INFO: Alex клиент ушел из очереди 
июн. 05, 2023 8:40:06 PM Classes.Log logInfo
INFO: Alex клиент ушел из очереди 
июн. 05, 2023 8:40:06 PM Classes.Log logInfo
INFO: Alex клиент ушел из очереди 
июн. 05, 2023 8:40:06 PM Classes.Log logInfo
INFO: Alex клиент ушел из очереди 
июн. 05, 2023 8:40:06 PM Classes.Log logInfo
INFO: Alex клиент ушел из очереди 
июн. 05, 2023 8:40:06 PM Classes.Log logInfo
INFO: Alex клиент ушел из очереди 
июн. 05, 2023 8:40:06 PM Classes.Log logInfo
INFO: Andy клиент ушел из очереди 
июн. 05, 2023 8:40:06 PM Classes.Log logInfo
INFO: Andy клиент ушел из очереди 
июн. 05, 2023 8:40:06 PM Classes.Log logInfo
INFO: Andy клиент ушел из очереди 
июн. 05, 2023 8:40:06 PM Classes.Log logInfo
INFO: Andy клиент ушел из очереди 
июн. 05, 2023 8:40:06 PM Classes.Log logInfo
INFO: Andy клиент ушел из очереди 
июн. 05, 2023 8:40:06 PM Classes.Log logInfo
INFO: Andy клиент ушел из очереди 
июн. 05, 2023 8:40:06 PM Classes.Log logInfo
INFO: Andy клиент ушел из очереди 
июн. 05, 2023 8:40:06 PM Classes.Log logInfo
INFO: Andy клиент ушел из очереди 
июн. 05, 2023 8:40:06 PM Classes.Log logInfo
INFO: Andy клиент ушел из очереди 
июн. 05, 2023 8:40:06 PM Classes.Log logInfo
INFO: Andy клиент ушел из очереди 
июн. 05, 2023 8:40:06 PM Classes.Log logInfo
INFO: Andy клиент ушел из очереди 
июн. 05, 2023 8:40:06 PM Classes.Log logInfo
INFO: Andy клиент ушел из очереди 
июн. 05, 2023 8:40:06 PM Classes.Log logInfo
INFO: Andy клиент ушел из очереди 
июн. 05, 2023 8:40:06 PM Classes.Log logInfo
INFO: Andy клиент ушел из очереди 
июн. 05, 2023 8:40:06 PM Classes.Log logInfo
INFO: Andy клиент ушел из очереди 
июн. 05, 2023 8:40:06 PM Classes.Log logInfo
INFO: Andy клиент ушел из очереди 
июн. 05, 2023 8:40:06 PM Classes.Log logInfo
INFO: Andy клиент ушел из очереди 
июн. 05, 2023 8:40:06 PM Classes.Log logInfo
INFO: Andy клиент ушел из очереди 
июн. 05, 2023 8:40:06 PM Classes.Log logInfo
INFO: Andy клиент ушел из очереди 
июн. 05, 2023 8:40:06 PM Classes.Log logInfo
INFO: Andy клиент ушел из очереди 
июн. 05, 2023 8:40:06 PM Classes.Log logInfo
INFO: Andy клиент ушел из очереди 
июн. 05, 2023 8:40:06 PM Classes.Log logInfo
INFO: Andy клиент ушел из очереди 
июн. 05, 2023 8:40:06 PM Classes.Log logInfo
INFO: Andy клиент ушел из очереди 
июн. 05, 2023 8:40:06 PM Classes.Log logInfo
INFO: Andy клиент ушел из очереди 
июн. 05, 2023 8:40:06 PM Classes.Log logInfo
INFO: Andy клиент ушел из очереди 
июн. 05, 2023 8:40:06 PM Classes.Log logInfo
INFO: Andy клиент ушел из очереди 
июн. 05, 2023 8:40:06 PM Classes.Log logInfo
INFO: Andy клиент ушел из очереди 
июн. 05, 2023 8:40:06 PM Classes.Log logInfo
INFO: Andy клиент ушел из очереди 
июн. 05, 2023 8:40:06 PM Classes.Log logInfo
INFO: Andy клиент ушел из очереди 
июн. 05, 2023 8:40:06 PM Classes.Log logInfo
INFO: Andy клиент ушел из очереди 
июн. 05, 2023 8:40:06 PM Classes.Log logInfo
INFO: Andy клиент ушел из очереди 
июн. 05, 2023 8:40:06 PM Classes.Log logInfo
INFO: Andy клиент ушел из очереди 
июн. 05, 2023 8:40:06 PM Classes.Log logInfo
INFO: Andy клиент ушел из очереди 
июн. 05, 2023 8:40:06 PM Classes.Log logInfo
INFO: Andy клиент ушел из очереди 
июн. 05, 2023 8:40:06 PM Classes.Log logInfo
INFO: Boris клиент ушел из магазина 
июн. 05, 2023 8:40:06 PM Classes.Log logInfo
INFO: Boris клиент ушел из магазина 
июн. 05, 2023 8:40:06 PM Classes.Log logInfo
INFO: Boris клиент ушел из магазина 
июн. 05, 2023 8:40:06 PM Classes.Log logInfo
INFO: Boris клиент ушел из магазина 
июн. 05, 2023 8:40:06 PM Classes.Log logInfo
INFO: Boris клиент ушел из магазина 
июн. 05, 2023 8:40:06 PM Classes.Log logInfo
INFO: Boris клиент ушел из магазина 
июн. 05, 2023 8:40:06 PM Classes.Log logInfo
INFO: Boris клиент ушел из магазина 
июн. 05, 2023 8:40:06 PM Classes.Log logInfo
INFO: Boris клиент ушел из магазина 
июн. 05, 2023 8:40:06 PM Classes.Log logInfo
INFO: Boris клиент ушел из магазина 
июн. 05, 2023 8:40:06 PM Classes.Log logInfo
INFO: Boris клиент ушел из магазина 
июн. 05, 2023 8:40:06 PM Classes.Log logInfo
INFO: Boris клиент ушел из магазина 
июн. 05, 2023 8:40:06 PM Classes.Log logInfo
INFO: Boris клиент ушел из магазина 
июн. 05, 2023 8:40:06 PM Classes.Log logInfo
INFO: Boris клиент ушел из магазина 
июн. 05, 2023 8:40:06 PM Classes.Log logInfo
INFO: Boris клиент ушел из магазина 
июн. 05, 2023 8:40:06 PM Classes.Log logInfo
INFO: Boris клиент ушел из магазина 
июн. 05, 2023 8:40:06 PM Classes.Log logInfo
INFO: Boris клиент ушел из магазина 
июн. 05, 2023 8:40:06 PM Classes.Log logInfo
INFO: Boris клиент ушел из магазина 
июн. 05, 2023 8:40:06 PM Classes.Log logInfo
INFO: Boris клиент ушел из магазина 
июн. 05, 2023 8:40:06 PM Classes.Log logInfo
INFO: Boris клиент ушел из магазина 
июн. 05, 2023 8:40:06 PM Classes.Log logInfo
INFO: Boris клиент ушел из магазина 
июн. 05, 2023 8:40:06 PM Classes.Log logInfo
INFO: Boris клиент ушел из магазина 
июн. 05, 2023 8:40:06 PM Classes.Log logInfo
INFO: Boris клиент ушел из магазина 
июн. 05, 2023 8:40:06 PM Classes.Log logInfo
INFO: Boris клиент ушел из магазина 
июн. 05, 2023 8:40:06 PM Classes.Log logInfo
INFO: Boris клиент ушел из магазина 
июн. 05, 2023 8:40:06 PM Classes.Log logInfo
INFO: Boris клиент ушел из магазина 
июн. 05, 2023 8:40:06 PM Classes.Log logInfo
INFO: Boris клиент ушел из магазина 
июн. 05, 2023 8:40:06 PM Classes.Log logInfo
INFO: Boris клиент ушел из магазина 
июн. 05, 2023 8:40:06 PM Classes.Log logInfo
INFO: Boris клиент ушел из магазина 
июн. 05, 2023 8:40:06 PM Classes.Log logInfo
INFO: Boris клиент ушел из магазина 
июн. 05, 2023 8:40:06 PM Classes.Log logInfo
INFO: Boris клиент ушел из магазина 
июн. 05, 2023 8:40:06 PM Classes.Log logInfo
INFO: Boris клиент ушел из магазина 
июн. 05, 2023 8:40:06 PM Classes.Log logInfo
INFO: Boris клиент ушел из магазина 
июн. 05, 2023 8:40:06 PM Classes.Log logInfo
INFO: Boris клиент ушел из магазина 
июн. 05, 2023 8:40:06 PM Classes.Log logInfo
INFO: Boris клиент ушел из магазина 
июн. 05, 2023 8:40:06 PM Classes.Log logInfo
INFO: Boris клиент ушел из магазина 
июн. 05, 2023 8:40:06 PM Classes.Log logInfo
INFO: Dasha клиент ушел из магазина 
июн. 05, 2023 8:40:06 PM Classes.Log logInfo
INFO: Dasha клиент ушел из магазина 
июн. 05, 2023 8:40:06 PM Classes.Log logInfo
INFO: Dasha клиент ушел из магазина 
июн. 05, 2023 8:40:06 PM Classes.Log logInfo
INFO: Dasha клиент ушел из магазина 
июн. 05, 2023 8:40:06 PM Classes.Log logInfo
INFO: Dasha клиент ушел из магазина 
июн. 05, 2023 8:40:06 PM Classes.Log logInfo
INFO: Dasha клиент ушел из магазина 
июн. 05, 2023 8:40:06 PM Classes.Log logInfo
INFO: Dasha клиент ушел из магазина 
июн. 05, 2023 8:40:06 PM Classes.Log logInfo
INFO: Dasha клиент ушел из магазина 
июн. 05, 2023 8:40:06 PM Classes.Log logInfo
INFO: Dasha клиент ушел из магазина 
июн. 05, 2023 8:40:06 PM Classes.Log logInfo
INFO: Dasha клиент ушел из магазина 
июн. 05, 2023 8:40:06 PM Classes.Log logInfo
INFO: Dasha клиент ушел из магазина 
июн. 05, 2023 8:40:06 PM Classes.Log logInfo
INFO: Dasha клиент ушел из магазина 
июн. 05, 2023 8:40:06 PM Classes.Log logInfo
INFO: Dasha клиент ушел из магазина 
июн. 05, 2023 8:40:06 PM Classes.Log logInfo
INFO: Dasha клиент ушел из магазина 
июн. 05, 2023 8:40:06 PM Classes.Log logInfo
INFO: Dasha клиент ушел из магазина 
июн. 05, 2023 8:40:06 PM Classes.Log logInfo
INFO: Dasha клиент ушел из магазина 
июн. 05, 2023 8:40:06 PM Classes.Log logInfo
INFO: Dasha клиент ушел из магазина 
июн. 05, 2023 8:40:06 PM Classes.Log logInfo
INFO: Dasha клиент ушел из магазина 
июн. 05, 2023 8:40:06 PM Classes.Log logInfo
INFO: Dasha клиент ушел из магазина 
июн. 05, 2023 8:40:06 PM Classes.Log logInfo
INFO: Dasha клиент ушел из магазина 
июн. 05, 2023 8:40:06 PM Classes.Log logInfo
INFO: Dasha клиент ушел из магазина 
июн. 05, 2023 8:40:06 PM Classes.Log logInfo
INFO: Dasha клиент ушел из магазина 
июн. 05, 2023 8:40:06 PM Classes.Log logInfo
INFO: Dasha клиент ушел из магазина 
июн. 05, 2023 8:40:06 PM Classes.Log logInfo
INFO: Dasha клиент ушел из магазина 
июн. 05, 2023 8:40:06 PM Classes.Log logInfo
INFO: Dasha клиент ушел из магазина 
июн. 05, 2023 8:40:06 PM Classes.Log logInfo
INFO: Dasha клиент ушел из магазина 
июн. 05, 2023 8:40:06 PM Classes.Log logInfo
INFO: Dasha клиент ушел из магазина 
июн. 05, 2023 8:40:06 PM Classes.Log logInfo
INFO: Dasha клиент ушел из магазина 
июн. 05, 2023 8:40:06 PM Classes.Log logInfo
INFO: Dasha клиент ушел из магазина 
июн. 05, 2023 8:40:06 PM Classes.Log logInfo
INFO: Dasha клиент ушел из магазина 
июн. 05, 2023 8:40:06 PM Classes.Log logInfo
INFO: Dasha клиент ушел из магазина 
июн. 05, 2023 8:40:06 PM Classes.Log logInfo
INFO: Dasha клиент ушел из магазина 
июн. 05, 2023 8:40:06 PM Classes.Log logInfo
INFO: Dasha клиент ушел из магазина 
июн. 05, 2023 8:40:06 PM Classes.Log logInfo
INFO: Dasha клиент ушел из магазина 
июн. 05, 2023 8:40:06 PM Classes.Log logInfo
INFO: Dasha клиент ушел из магазина 
июн. 05, 2023 8:40:06 PM Classes.Log logInfo
INFO: Dasha клиент ушел из магазина 
июн. 05, 2023 8:40:06 PM Classes.Log logInfo
INFO: Audit клиент ушел из магазина 
июн. 05, 2023 8:40:06 PM Classes.Log logInfo
INFO: Audit клиент ушел из магазина 
июн. 05, 2023 8:40:06 PM Classes.Log logInfo
INFO: Audit клиент ушел из магазина 
июн. 05, 2023 8:40:06 PM Classes.Log logInfo
INFO: Audit клиент ушел из магазина 
июн. 05, 2023 8:40:06 PM Classes.Log logInfo
INFO: Audit клиент ушел из магазина 
июн. 05, 2023 8:40:06 PM Classes.Log logInfo
INFO: Audit клиент ушел из магазина 
июн. 05, 2023 8:40:06 PM Classes.Log logInfo
INFO: Audit клиент ушел из магазина 
июн. 05, 2023 8:40:06 PM Classes.Log logInfo
INFO: Audit клиент ушел из магазина 
июн. 05, 2023 8:40:06 PM Classes.Log logInfo
INFO: Audit клиент ушел из магазина 
июн. 05, 2023 8:40:06 PM Classes.Log logInfo
INFO: Audit клиент ушел из магазина 
июн. 05, 2023 8:40:06 PM Classes.Log logInfo
INFO: Audit клиент ушел из магазина 
июн. 05, 2023 8:40:06 PM Classes.Log logInfo
INFO: Audit клиент ушел из магазина 
июн. 05, 2023 8:40:06 PM Classes.Log logInfo
INFO: Audit клиент ушел из магазина 
июн. 05, 2023 8:40:06 PM Classes.Log logInfo
INFO: Audit клиент ушел из магазина 
июн. 05, 2023 8:40:06 PM Classes.Log logInfo
INFO: Audit клиент ушел из магазина 
июн. 05, 2023 8:40:06 PM Classes.Log logInfo
INFO: Audit клиент ушел из магазина 
июн. 05, 2023 8:40:06 PM Classes.Log logInfo
INFO: Audit клиент ушел из магазина 
июн. 05, 2023 8:40:06 PM Classes.Log logInfo
INFO: Audit клиент ушел из магазина 
июн. 05, 2023 8:40:06 PM Classes.Log logInfo
INFO: Audit клиент ушел из магазина 
июн. 05, 2023 8:40:06 PM Classes.Log logInfo
INFO: Audit клиент ушел из магазина 
июн. 05, 2023 8:40:06 PM Classes.Log logInfo
INFO: Audit клиент ушел из магазина 
июн. 05, 2023 8:40:06 PM Classes.Log logInfo
INFO: Audit клиент ушел из магазина 
июн. 05, 2023 8:40:06 PM Classes.Log logInfo
INFO: Audit клиент ушел из магазина 
июн. 05, 2023 8:40:06 PM Classes.Log logInfo
INFO: Audit клиент ушел из магазина 
июн. 05, 2023 8:40:06 PM Classes.Log logInfo
INFO: Audit клиент ушел из магазина 
июн. 05, 2023 8:40:06 PM Classes.Log logInfo
INFO: Audit клиент ушел из магазина 
июн. 05, 2023 8:40:06 PM Classes.Log logInfo
INFO: Audit клиент ушел из магазина 
июн. 05, 2023 8:40:06 PM Classes.Log logInfo
INFO: Audit клиент ушел из магазина 
июн. 05, 2023 8:40:06 PM Classes.Log logInfo
INFO: Audit клиент ушел из магазина 
июн. 05, 2023 8:40:06 PM Classes.Log logInfo
INFO: Audit клиент ушел из магазина 
июн. 05, 2023 8:40:06 PM Classes.Log logInfo
INFO: Audit клиент ушел из магазина 
июн. 05, 2023 8:40:06 PM Classes.Log logInfo
INFO: Audit клиент ушел из магазина 
июн. 05, 2023 8:40:06 PM Classes.Log logInfo
INFO: Audit клиент ушел из магазина 
июн. 05, 2023 8:40:06 PM Classes.Log logInfo
INFO: Audit клиент ушел из магазина 
июн. 05, 2023 8:40:06 PM Classes.Log logInfo
INFO: Audit клиент ушел из магазина 
июн. 05, 2023 8:40:06 PM Classes.Log logInfo
INFO: Audit клиент ушел из магазина 
июн. 05, 2023 8:40:06 PM Classes.Log logInfo
INFO: Audit клиент ушел из магазина 
июн. 05, 2023 8:40:06 PM Classes.Log logInfo
INFO: Petr клиент ушел из магазина 
июн. 05, 2023 8:40:06 PM Classes.Log logInfo
INFO: Petr клиент ушел из магазина 
июн. 05, 2023 8:40:06 PM Classes.Log logInfo
INFO: Petr клиент ушел из магазина 
июн. 05, 2023 8:40:06 PM Classes.Log logInfo
INFO: Petr клиент ушел из магазина 
июн. 05, 2023 8:40:06 PM Classes.Log logInfo
INFO: Petr клиент ушел из магазина 
июн. 05, 2023 8:40:06 PM Classes.Log logInfo
INFO: Petr клиент ушел из магазина 
июн. 05, 2023 8:40:06 PM Classes.Log logInfo
INFO: Petr клиент ушел из магазина 
июн. 05, 2023 8:40:06 PM Classes.Log logInfo
INFO: Petr клиент ушел из магазина 
июн. 05, 2023 8:40:06 PM Classes.Log logInfo
INFO: Petr клиент ушел из магазина 
июн. 05, 2023 8:40:06 PM Classes.Log logInfo
INFO: Petr клиент ушел из магазина 
июн. 05, 2023 8:40:06 PM Classes.Log logInfo
INFO: Petr клиент ушел из магазина 
июн. 05, 2023 8:40:06 PM Classes.Log logInfo
INFO: Petr клиент ушел из магазина 
июн. 05, 2023 8:40:06 PM Classes.Log logInfo
INFO: Petr клиент ушел из магазина 
июн. 05, 2023 8:40:06 PM Classes.Log logInfo
INFO: Petr клиент ушел из магазина 
июн. 05, 2023 8:40:06 PM Classes.Log logInfo
INFO: Petr клиент ушел из магазина 
июн. 05, 2023 8:40:06 PM Classes.Log logInfo
INFO: Petr клиент ушел из магазина 
июн. 05, 2023 8:40:06 PM Classes.Log logInfo
INFO: Petr клиент ушел из магазина 
июн. 05, 2023 8:40:06 PM Classes.Log logInfo
INFO: Petr клиент ушел из магазина 
июн. 05, 2023 8:40:06 PM Classes.Log logInfo
INFO: Petr клиент ушел из магазина 
июн. 05, 2023 8:40:06 PM Classes.Log logInfo
INFO: Petr клиент ушел из магазина 
июн. 05, 2023 8:40:06 PM Classes.Log logInfo
INFO: Petr клиент ушел из магазина 
июн. 05, 2023 8:40:06 PM Classes.Log logInfo
INFO: Petr клиент ушел из магазина 
июн. 05, 2023 8:40:06 PM Classes.Log logInfo
INFO: Petr клиент ушел из магазина 
июн. 05, 2023 8:40:06 PM Classes.Log logInfo
INFO: Petr клиент ушел из магазина 
июн. 05, 2023 8:40:06 PM Classes.Log logInfo
INFO: Petr клиент ушел из магазина 
июн. 05, 2023 8:40:06 PM Classes.Log logInfo
INFO: Petr клиент ушел из магазина 
июн. 05, 2023 8:40:06 PM Classes.Log logInfo
INFO: Petr клиент ушел из магазина 
июн. 05, 2023 8:40:06 PM Classes.Log logInfo
INFO: Petr клиент ушел из магазина 
июн. 05, 2023 8:40:06 PM Classes.Log logInfo
INFO: Petr клиент ушел из магазина 
июн. 05, 2023 8:40:06 PM Classes.Log logInfo
INFO: Petr клиент ушел из магазина 
июн. 05, 2023 8:40:06 PM Classes.Log logInfo
INFO: Petr клиент ушел из магазина 
июн. 05, 2023 8:40:06 PM Classes.Log logInfo
INFO: Petr клиент ушел из магазина 
июн. 05, 2023 8:40:06 PM Classes.Log logInfo
INFO: Petr клиент ушел из магазина 
июн. 05, 2023 8:40:06 PM Classes.Log logInfo
INFO: Petr клиент ушел из магазина 
июн. 05, 2023 8:40:06 PM Classes.Log logInfo
INFO: Petr клиент ушел из магазина 
июн. 05, 2023 8:40:06 PM Classes.Log logInfo
INFO: Petr клиент ушел из магазина 
июн. 05, 2023 8:40:06 PM Classes.Log logInfo
INFO: Petr клиент ушел из магазина 
июн. 05, 2023 8:40:06 PM Classes.Log logInfo
INFO: Petr клиент ушел из магазина 
июн. 05, 2023 8:40:06 PM Classes.Log logInfo
INFO: Alex клиент ушел из магазина 
июн. 05, 2023 8:40:06 PM Classes.Log logInfo
INFO: Alex клиент ушел из магазина 
июн. 05, 2023 8:40:06 PM Classes.Log logInfo
INFO: Alex клиент ушел из магазина 
июн. 05, 2023 8:40:06 PM Classes.Log logInfo
INFO: Alex клиент ушел из магазина 
июн. 05, 2023 8:40:06 PM Classes.Log logInfo
INFO: Alex клиент ушел из магазина 
июн. 05, 2023 8:40:06 PM Classes.Log logInfo
INFO: Alex клиент ушел из магазина 
июн. 05, 2023 8:40:06 PM Classes.Log logInfo
INFO: Alex клиент ушел из магазина 
июн. 05, 2023 8:40:06 PM Classes.Log logInfo
INFO: Alex клиент ушел из магазина 
июн. 05, 2023 8:40:06 PM Classes.Log logInfo
INFO: Alex клиент ушел из магазина 
июн. 05, 2023 8:40:06 PM Classes.Log logInfo
INFO: Alex клиент ушел из магазина 
июн. 05, 2023 8:40:06 PM Classes.Log logInfo
INFO: Alex клиент ушел из магазина 
июн. 05, 2023 8:40:06 PM Classes.Log logInfo
INFO: Alex клиент ушел из магазина 
июн. 05, 2023 8:40:06 PM Classes.Log logInfo
INFO: Alex клиент ушел из магазина 
июн. 05, 2023 8:40:06 PM Classes.Log logInfo
INFO: Alex клиент ушел из магазина 
июн. 05, 2023 8:40:06 PM Classes.Log logInfo
INFO: Alex клиент ушел из магазина 
июн. 05, 2023 8:40:06 PM Classes.Log logInfo
INFO: Alex клиент ушел из магазина 
июн. 05, 2023 8:40:06 PM Classes.Log logInfo
INFO: Alex клиент ушел из магазина 
июн. 05, 2023 8:40:06 PM Classes.Log logInfo
INFO: Alex клиент ушел из магазина 
июн. 05, 2023 8:40:06 PM Classes.Log logInfo
INFO: Alex клиент ушел из магазина 
июн. 05, 2023 8:40:06 PM Classes.Log logInfo
INFO: Alex клиент ушел из магазина 
июн. 05, 2023 8:40:06 PM Classes.Log logInfo
INFO: Alex клиент ушел из магазина 
июн. 05, 2023 8:40:06 PM Classes.Log logInfo
INFO: Alex клиент ушел из магазина 
июн. 05, 2023 8:40:06 PM Classes.Log logInfo
INFO: Alex клиент ушел из магазина 
июн. 05, 2023 8:40:06 PM Classes.Log logInfo
INFO: Alex клиент ушел из магазина 
июн. 05, 2023 8:40:06 PM Classes.Log logInfo
INFO: Alex клиент ушел из магазина 
июн. 05, 2023 8:40:06 PM Classes.Log logInfo
INFO: Alex клиент ушел из магазина 
июн. 05, 2023 8:40:06 PM Classes.Log logInfo
INFO: Alex клиент ушел из магазина 
июн. 05, 2023 8:40:06 PM Classes.Log logInfo
INFO: Alex клиент ушел из магазина 
июн. 05, 2023 8:40:06 PM Classes.Log logInfo
INFO: Alex клиент ушел из магазина 
июн. 05, 2023 8:40:06 PM Classes.Log logInfo
INFO: Alex клиент ушел из магазина 
июн. 05, 2023 8:40:06 PM Classes.Log logInfo
INFO: Alex клиент ушел из магазина 
июн. 05, 2023 8:40:06 PM Classes.Log logInfo
INFO: Alex клиент ушел из магазина 
июн. 05, 2023 8:40:06 PM Classes.Log logInfo
INFO: Alex клиент ушел из магазина 
июн. 05, 2023 8:40:06 PM Classes.Log logInfo
INFO: Alex клиент ушел из магазина 
июн. 05, 2023 8:40:06 PM Classes.Log logInfo
INFO: Alex клиент ушел из магазина 
июн. 05, 2023 8:40:06 PM Classes.Log logInfo
INFO: Alex клиент ушел из магазина 
июн. 05, 2023 8:40:06 PM Classes.Log logInfo
INFO: Alex клиент ушел из магазина 
июн. 05, 2023 8:40:06 PM Classes.Log logInfo
INFO: Alex клиент ушел из магазина 
июн. 05, 2023 8:40:06 PM Classes.Log logInfo
INFO: Alex клиент ушел из магазина 
июн. 05, 2023 8:40:06 PM Classes.Log logInfo
INFO: Andy клиент ушел из магазина 
июн. 05, 2023 8:40:06 PM Classes.Log logInfo
INFO: Andy клиент ушел из магазина 
июн. 05, 2023 8:40:06 PM Classes.Log logInfo
INFO: Andy клиент ушел из магазина 
июн. 05, 2023 8:40:06 PM Classes.Log logInfo
INFO: Andy клиент ушел из магазина 
июн. 05, 2023 8:40:06 PM Classes.Log logInfo
INFO: Andy клиент ушел из магазина 
июн. 05, 2023 8:40:06 PM Classes.Log logInfo
INFO: Andy клиент ушел из магазина 
июн. 05, 2023 8:40:06 PM Classes.Log logInfo
INFO: Andy клиент ушел из магазина 
июн. 05, 2023 8:40:06 PM Classes.Log logInfo
INFO: Andy клиент ушел из магазина 
июн. 05, 2023 8:40:06 PM Classes.Log logInfo
INFO: Andy клиент ушел из магазина 
июн. 05, 2023 8:40:06 PM Classes.Log logInfo
INFO: Andy клиент ушел из магазина 
июн. 05, 2023 8:40:06 PM Classes.Log logInfo
INFO: Andy клиент ушел из магазина 
июн. 05, 2023 8:40:06 PM Classes.Log logInfo
INFO: Andy клиент ушел из магазина 
июн. 05, 2023 8:40:06 PM Classes.Log logInfo
INFO: Andy клиент ушел из магазина 
июн. 05, 2023 8:40:06 PM Classes.Log logInfo
INFO: Andy клиент ушел из магазина 
июн. 05, 2023 8:40:06 PM Classes.Log logInfo
INFO: Andy клиент ушел из магазина 
июн. 05, 2023 8:40:06 PM Classes.Log logInfo
INFO: Andy клиент ушел из магазина 
июн. 05, 2023 8:40:06 PM Classes.Log logInfo
INFO: Andy клиент ушел из магазина 
июн. 05, 2023 8:40:06 PM Classes.Log logInfo
INFO: Andy клиент ушел из магазина 
июн. 05, 2023 8:40:06 PM Classes.Log logInfo
INFO: Andy клиент ушел из магазина 
июн. 05, 2023 8:40:06 PM Classes.Log logInfo
INFO: Andy клиент ушел из магазина 
июн. 05, 2023 8:40:06 PM Classes.Log logInfo
INFO: Andy клиент ушел из магазина 
июн. 05, 2023 8:40:06 PM Classes.Log logInfo
INFO: Andy клиент ушел из магазина 
июн. 05, 2023 8:40:06 PM Classes.Log logInfo
INFO: Andy клиент ушел из магазина 
июн. 05, 2023 8:40:06 PM Classes.Log logInfo
INFO: Andy клиент ушел из магазина 
июн. 05, 2023 8:40:06 PM Classes.Log logInfo
INFO: Andy клиент ушел из магазина 
июн. 05, 2023 8:40:06 PM Classes.Log logInfo
INFO: Andy клиент ушел из магазина 
июн. 05, 2023 8:40:06 PM Classes.Log logInfo
INFO: Andy клиент ушел из магазина 
июн. 05, 2023 8:40:06 PM Classes.Log logInfo
INFO: Andy клиент ушел из магазина 
июн. 05, 2023 8:40:06 PM Classes.Log logInfo
INFO: Andy клиент ушел из магазина 
июн. 05, 2023 8:40:06 PM Classes.Log logInfo
INFO: Andy клиент ушел из магазина 
июн. 05, 2023 8:40:06 PM Classes.Log logInfo
INFO: Andy клиент ушел из магазина 
июн. 05, 2023 8:40:06 PM Classes.Log logInfo
INFO: Andy клиент ушел из магазина 
июн. 05, 2023 8:40:06 PM Classes.Log logInfo
INFO: Andy клиент ушел из магазина 
июн. 05, 2023 8:40:06 PM Classes.Log logInfo
INFO: Andy клиент ушел из магазина 
июн. 05, 2023 8:40:06 PM Classes.Log logInfo
INFO: Andy клиент ушел из магазина 
июн. 05, 2023 8:40:06 PM Classes.Log logInfo
INFO: Andy клиент ушел из магазина 
июн. 05, 2023 8:40:06 PM Classes.Log logInfo
INFO: Andy клиент ушел из магазина 
июн. 05, 2023 8:40:06 PM Classes.Log logInfo
INFO: Andy клиент ушел из магазина 
июн. 05, 2023 8:40:06 PM Classes.Log logInfo
INFO: Andy клиент ушел из магазина 
июн. 05, 2023 8:40:06 PM Classes.Log logInfo
INFO: Andy клиент ушел из магазина 
